<?xml version="1.0" encoding="UTF-8"?>
<testsuite xmlns:xsi="http://www.w3.org/2001/XMLSchema-instance" xsi:noNamespaceSchemaLocation="https://maven.apache.org/surefire/maven-failsafe-plugin/xsd/failsafe-test-report-3.0.xsd" version="3.0" name="fr.umfds.TPtestServicesREST.ITBrainstorm" time="0.879" tests="2" errors="0" skipped="0" failures="0">
  <properties>
[...]
</properties>
  <testcase name="brainstormTest" classname="fr.umfds.TPtestServicesREST.ITBrainstorm" time="0.022">
    <system-out><![CDATA[Dans l'ordre : 
ArchiDistrib
PythonProj
ZevMobile
]]></system-out>
  </testcase>
  <testcase name="DBTest" classname="fr.umfds.TPtestServicesREST.ITBrainstorm" time="0.843"/>
</testsuite>