<?xml version="1.0" encoding="UTF-8"?>
<testsuite xmlns:xsi="http://www.w3.org/2001/XMLSchema-instance" xsi:noNamespaceSchemaLocation="https://maven.apache.org/surefire/maven-failsafe-plugin/xsd/failsafe-test-report-3.0.xsd" version="3.0" name="fr.umfds.TPtestServicesREST.ITIntegration" time="1.067" tests="1" errors="0" skipped="0" failures="1">
  <properties>
[...]
</properties>
  <testcase name="testGetBrainstorms" classname="fr.umfds.TPtestServicesREST.ITIntegration" time="0.982">
    <failure type="java.lang.AssertionError"><![CDATA[java.lang.AssertionError: Http Response should be 200:  expected:<200> but was:<405>
	at TPtestServicesREST@0.0.1-SNAPSHOT/fr.umfds.TPtestServicesREST.ITIntegration.testGetBrainstorms(ITIntegration.java:56)
]]></failure>
    <system-err><![CDATA[avr. 13, 2021 2:34:21 PM org.glassfish.jersey.test.grizzly.GrizzlyTestContainerFactory$GrizzlyTestContainer <init>
INFO: Creating GrizzlyTestContainer configured at the base URI http://localhost:9998/
avr. 13, 2021 2:34:21 PM org.glassfish.grizzly.http.server.NetworkListener start
INFO: Started listener bound to [localhost:9998]
avr. 13, 2021 2:34:21 PM org.glassfish.grizzly.http.server.HttpServer start
INFO: [HttpServer] Started.
avr. 13, 2021 2:34:21 PM org.glassfish.jersey.logging.LoggingInterceptor log
WARNING: 1 * Server has received a request on thread grizzly-http-server-0
1 > GET http://localhost:9998/Brainstorm
1 > accept: application/json
1 > connection: keep-alive
1 > host: localhost:9998
1 > user-agent: Jersey/2.27 (HttpUrlConnection 12)

avr. 13, 2021 2:34:22 PM org.glassfish.jersey.logging.LoggingInterceptor log
WARNING: 1 * Server responded with a response on thread grizzly-http-server-0
1 < 200
1 < Content-Type: application/json
[{"nom":"testBrainstorm1","id":1,"idea":[]},{"nom":"testBrainstorm2","id":2,"idea":[]}]

avr. 13, 2021 2:34:22 PM org.glassfish.jersey.logging.LoggingInterceptor log
WARNING: 2 * Server has received a request on thread grizzly-http-server-1
2 > GET http://localhost:9998/Brainstorm/brainstorm-1
2 > accept: application/json
2 > connection: keep-alive
2 > host: localhost:9998
2 > user-agent: Jersey/2.27 (HttpUrlConnection 12)

avr. 13, 2021 2:34:22 PM org.glassfish.jersey.logging.LoggingInterceptor log
WARNING: 2 * Server responded with a response on thread grizzly-http-server-1
2 < 200
2 < Content-Type: application/json
{"nom":"ArchiDistrib","id":1,"idea":[]}

avr. 13, 2021 2:34:22 PM org.glassfish.jersey.logging.LoggingInterceptor log
WARNING: 3 * Server has received a request on thread grizzly-http-server-2
3 > GET http://localhost:9998/Brainstorm/brainstorm-4
3 > accept: application/json
3 > connection: keep-alive
3 > host: localhost:9998
3 > user-agent: Jersey/2.27 (HttpUrlConnection 12)

avr. 13, 2021 2:34:22 PM org.glassfish.jersey.logging.LoggingInterceptor log
WARNING: 3 * Server responded with a response on thread grizzly-http-server-2
3 < 204

avr. 13, 2021 2:34:22 PM org.glassfish.jersey.logging.LoggingInterceptor log
WARNING: 4 * Server has received a request on thread grizzly-http-server-3
4 > GET http://localhost:9998/Brainstorm/brainstorm/4/test
4 > accept: application/json
4 > connection: keep-alive
4 > host: localhost:9998
4 > user-agent: Jersey/2.27 (HttpUrlConnection 12)

avr. 13, 2021 2:34:22 PM org.glassfish.jersey.logging.LoggingInterceptor log
WARNING: 4 * Server responded with a response on thread grizzly-http-server-3
4 < 405
4 < Allow: OPTIONS,PUT

avr. 13, 2021 2:34:22 PM org.glassfish.grizzly.http.server.NetworkListener shutdownNow
INFO: Stopped listener bound to [localhost:9998]
]]></system-err>
  </testcase>
</testsuite>